<?xml version="1.0" encoding="UTF-8"?>
<testsuite name="co.com.ceiba.test.controller.VigilanteTest" tests="1" skipped="0" failures="0" errors="0" timestamp="2017-10-12T20:21:42" hostname="SAMIR-HINCAPIE" time="0.051">
  <properties/>
  <testcase name="VigilanteRegistraIngresoTest" classname="co.com.ceiba.test.controller.VigilanteTest" time="0.051"/>
  <system-out><![CDATA[2017-10-12 15:21:41.804  INFO 11680 --- [    Test worker] o.s.t.c.s.DefaultTestContextBootstrapper : Neither @ContextConfiguration nor @ContextHierarchy found for test class [co.com.ceiba.test.controller.VigilanteTest], using DelegatingSmartContextLoader
2017-10-12 15:21:41.805  INFO 11680 --- [    Test worker] o.s.t.c.support.AbstractContextLoader    : Could not detect default resource locations for test class [co.com.ceiba.test.controller.VigilanteTest]: no resource found for suffixes {-context.xml}.
2017-10-12 15:21:41.805  INFO 11680 --- [    Test worker] t.c.s.AnnotationConfigContextLoaderUtils : Could not detect default configuration classes for test class [co.com.ceiba.test.controller.VigilanteTest]: VigilanteTest does not declare any static, non-private, non-final, nested classes annotated with @Configuration.
2017-10-12 15:21:41.817  INFO 11680 --- [    Test worker] o.s.t.c.s.DefaultTestContextBootstrapper : Loaded default TestExecutionListener class names from location [META-INF/spring.factories]: [org.springframework.boot.test.mock.mockito.MockitoTestExecutionListener, org.springframework.boot.test.mock.mockito.ResetMocksTestExecutionListener, org.springframework.boot.test.autoconfigure.restdocs.RestDocsTestExecutionListener, org.springframework.boot.test.autoconfigure.web.client.MockRestServiceServerResetTestExecutionListener, org.springframework.boot.test.autoconfigure.web.servlet.MockMvcPrintOnlyOnFailureTestExecutionListener, org.springframework.boot.test.autoconfigure.web.servlet.WebDriverTestExecutionListener, org.springframework.test.context.web.ServletTestExecutionListener, org.springframework.test.context.support.DirtiesContextBeforeModesTestExecutionListener, org.springframework.test.context.support.DependencyInjectionTestExecutionListener, org.springframework.test.context.support.DirtiesContextTestExecutionListener, org.springframework.test.context.transaction.TransactionalTestExecutionListener, org.springframework.test.context.jdbc.SqlScriptsTestExecutionListener]
2017-10-12 15:21:41.818  INFO 11680 --- [    Test worker] o.s.t.c.s.DefaultTestContextBootstrapper : Could not instantiate TestExecutionListener [org.springframework.test.context.jdbc.SqlScriptsTestExecutionListener]. Specify custom listener classes or make the default listener classes (and their required dependencies) available. Offending class: [org/springframework/transaction/interceptor/TransactionAttribute]
2017-10-12 15:21:41.818  INFO 11680 --- [    Test worker] o.s.t.c.s.DefaultTestContextBootstrapper : Could not instantiate TestExecutionListener [org.springframework.test.context.transaction.TransactionalTestExecutionListener]. Specify custom listener classes or make the default listener classes (and their required dependencies) available. Offending class: [org/springframework/transaction/interceptor/TransactionAttributeSource]
2017-10-12 15:21:41.819  INFO 11680 --- [    Test worker] o.s.t.c.s.DefaultTestContextBootstrapper : Using TestExecutionListeners: [org.springframework.test.context.web.ServletTestExecutionListener@3a7a5208, org.springframework.test.context.support.DirtiesContextBeforeModesTestExecutionListener@5320af2f, org.springframework.test.context.support.DependencyInjectionTestExecutionListener@6b1d6c53, org.springframework.test.context.support.DirtiesContextTestExecutionListener@9e10cd4, org.springframework.boot.test.mock.mockito.ResetMocksTestExecutionListener@6163f5f2, org.springframework.boot.test.autoconfigure.restdocs.RestDocsTestExecutionListener@376c7726, org.springframework.boot.test.autoconfigure.web.client.MockRestServiceServerResetTestExecutionListener@3713fa6c, org.springframework.boot.test.autoconfigure.web.servlet.WebDriverTestExecutionListener@3695d7f6, org.springframework.boot.test.autoconfigure.web.servlet.MockMvcPrintOnlyOnFailureTestExecutionListener@482778b3, org.springframework.boot.test.mock.mockito.MockitoTestExecutionListener@1ca6e3d6]
2017-10-12 15:21:41.821  INFO 11680 --- [    Test worker] o.s.c.support.GenericApplicationContext  : Refreshing org.springframework.context.support.GenericApplicationContext@2c7ce1bc: startup date [Thu Oct 12 15:21:41 COT 2017]; root of context hierarchy
]]></system-out>
  <system-err><![CDATA[]]></system-err>
</testsuite>
